<?xml version="1.0" encoding="UTF-8"?>
<testng-results ignored="0" total="2" passed="2" failed="0" skipped="0">
  <reporter-output>
  </reporter-output>
  <suite started-at="2025-05-30T15:29:03 IST" name="Default suite" finished-at="2025-05-30T15:29:41 IST" duration-ms="38934">
    <groups>
    </groups>
    <test started-at="2025-05-30T15:29:03 IST" name="Default test" finished-at="2025-05-30T15:29:41 IST" duration-ms="38934">
      <class name="StepDeifnition.AutomationStepDef">
        <test-method is-config="true" signature="beforeTest()[pri:0, instance:StepDeifnition.AutomationStepDef@23fb172e]" started-at="2025-05-30T15:29:03 IST" name="beforeTest" finished-at="2025-05-30T15:29:07 IST" duration-ms="4309" status="PASS">
          <reporter-output>
          </reporter-output>
        </test-method> <!-- beforeTest -->
        <test-method signature="isPageDisplayed()[pri:0, instance:StepDeifnition.AutomationStepDef@23fb172e]" started-at="2025-05-30T15:29:07 IST" name="isPageDisplayed" finished-at="2025-05-30T15:29:12 IST" duration-ms="5181" status="PASS">
          <reporter-output>
          </reporter-output>
        </test-method> <!-- isPageDisplayed -->
        <test-method signature="loginFields()[pri:0, instance:StepDeifnition.AutomationStepDef@23fb172e]" started-at="2025-05-30T15:29:12 IST" name="loginFields" finished-at="2025-05-30T15:29:40 IST" depends-on-methods="StepDeifnition.AutomationStepDef.isPageDisplayed" duration-ms="28035" status="PASS">
          <reporter-output>
          </reporter-output>
        </test-method> <!-- loginFields -->
        <test-method is-config="true" signature="teatDown()[pri:0, instance:StepDeifnition.AutomationStepDef@23fb172e]" started-at="2025-05-30T15:29:40 IST" name="teatDown" finished-at="2025-05-30T15:29:41 IST" duration-ms="1286" status="PASS">
          <reporter-output>
          </reporter-output>
        </test-method> <!-- teatDown -->
      </class> <!-- StepDeifnition.AutomationStepDef -->
    </test> <!-- Default test -->
  </suite> <!-- Default suite -->
</testng-results>
